2019-03-24 19:42:45,616 [7] Orchard.Data.Migration.DataMigrationManager - (null) - An unexpected error occurred while applying migration on Orchard.Framework from version 3. [(null)]
System.Reflection.TargetInvocationException: Exception has been thrown by the target of an invocation. ---> System.Data.SqlClient.SqlException: The CREATE UNIQUE INDEX statement terminated because a duplicate key was found for the object name 'dbo.Orchard_Framework_CultureRecord' and the index name 'UC_CR_Name'. The duplicate key value is (en-US).
Could not create constraint or index. See previous errors.
The statement has been terminated.
   at System.Data.SqlClient.SqlConnection.OnError(SqlException exception, Boolean breakConnection, Action`1 wrapCloseInAction)
   at System.Data.SqlClient.SqlInternalConnection.OnError(SqlException exception, Boolean breakConnection, Action`1 wrapCloseInAction)
   at System.Data.SqlClient.TdsParser.ThrowExceptionAndWarning(TdsParserStateObject stateObj, Boolean callerHasConnectionLock, Boolean asyncClose)
   at System.Data.SqlClient.TdsParser.TryRun(RunBehavior runBehavior, SqlCommand cmdHandler, SqlDataReader dataStream, BulkCopySimpleResultSet bulkCopyHandler, TdsParserStateObject stateObj, Boolean& dataReady)
   at System.Data.SqlClient.SqlCommand.RunExecuteNonQueryTds(String methodName, Boolean async, Int32 timeout, Boolean asyncWrite)
   at System.Data.SqlClient.SqlCommand.InternalExecuteNonQuery(TaskCompletionSource`1 completion, String methodName, Boolean sendToPipe, Int32 timeout, Boolean& usedCache, Boolean asyncWrite, Boolean inRetry)
   at System.Data.SqlClient.SqlCommand.ExecuteNonQuery()
   at Orchard.Data.Migration.Interpreters.DefaultDataMigrationInterpreter.RunPendingStatements() in C:\Agent2\work\ORCH-Release\src\Orchard\Data\Migration\Interpreters\DefaultDataMigrationInterpreter.cs:line 380
   at Orchard.Data.Migration.Interpreters.DefaultDataMigrationInterpreter.Visit(AlterTableCommand command) in C:\Agent2\work\ORCH-Release\src\Orchard\Data\Migration\Interpreters\DefaultDataMigrationInterpreter.cs:line 167
   at Orchard.Data.Migration.Interpreters.AbstractDataMigrationInterpreter.Visit(ISchemaBuilderCommand command) in C:\Agent2\work\ORCH-Release\src\Orchard\Data\Migration\Interpreters\AbstractDataMigrationInterpreter.cs:line 17
   at Orchard.Data.Migration.Schema.SchemaBuilder.AlterTable(String name, Action`1 table) in C:\Agent2\work\ORCH-Release\src\Orchard\Data\Migration\Schema\SchemaBuilder.cs:line 57
   at Orchard.ContentManagement.DataMigrations.FrameworkDataMigration.UpdateFrom3() in C:\Agent2\work\ORCH-Release\src\Orchard\ContentManagement\DataMigrations\FrameworkDataMigration.cs:line 68
   --- End of inner exception stack trace ---
   at System.RuntimeMethodHandle.InvokeMethod(Object target, Object[] arguments, Signature sig, Boolean constructor)
   at System.Reflection.RuntimeMethodInfo.UnsafeInvokeInternal(Object obj, Object[] parameters, Object[] arguments)
   at System.Reflection.RuntimeMethodInfo.Invoke(Object obj, BindingFlags invokeAttr, Binder binder, Object[] parameters, CultureInfo culture)
   at Orchard.Data.Migration.DataMigrationManager.Update(String feature) in C:\Agent2\work\ORCH-Release\src\Orchard\Data\Migration\DataMigrationManager.cs:line 124
2019-03-24 19:42:45,648 [7] Orchard.Data.Migration.DataMigrationManager - (null) - Error while running migration version 3 for Orchard.Framework. [(null)]
System.Reflection.TargetInvocationException: Exception has been thrown by the target of an invocation. ---> System.Data.SqlClient.SqlException: The CREATE UNIQUE INDEX statement terminated because a duplicate key was found for the object name 'dbo.Orchard_Framework_CultureRecord' and the index name 'UC_CR_Name'. The duplicate key value is (en-US).
Could not create constraint or index. See previous errors.
The statement has been terminated.
   at System.Data.SqlClient.SqlConnection.OnError(SqlException exception, Boolean breakConnection, Action`1 wrapCloseInAction)
   at System.Data.SqlClient.SqlInternalConnection.OnError(SqlException exception, Boolean breakConnection, Action`1 wrapCloseInAction)
   at System.Data.SqlClient.TdsParser.ThrowExceptionAndWarning(TdsParserStateObject stateObj, Boolean callerHasConnectionLock, Boolean asyncClose)
   at System.Data.SqlClient.TdsParser.TryRun(RunBehavior runBehavior, SqlCommand cmdHandler, SqlDataReader dataStream, BulkCopySimpleResultSet bulkCopyHandler, TdsParserStateObject stateObj, Boolean& dataReady)
   at System.Data.SqlClient.SqlCommand.RunExecuteNonQueryTds(String methodName, Boolean async, Int32 timeout, Boolean asyncWrite)
   at System.Data.SqlClient.SqlCommand.InternalExecuteNonQuery(TaskCompletionSource`1 completion, String methodName, Boolean sendToPipe, Int32 timeout, Boolean& usedCache, Boolean asyncWrite, Boolean inRetry)
   at System.Data.SqlClient.SqlCommand.ExecuteNonQuery()
   at Orchard.Data.Migration.Interpreters.DefaultDataMigrationInterpreter.RunPendingStatements() in C:\Agent2\work\ORCH-Release\src\Orchard\Data\Migration\Interpreters\DefaultDataMigrationInterpreter.cs:line 380
   at Orchard.Data.Migration.Interpreters.DefaultDataMigrationInterpreter.Visit(AlterTableCommand command) in C:\Agent2\work\ORCH-Release\src\Orchard\Data\Migration\Interpreters\DefaultDataMigrationInterpreter.cs:line 167
   at Orchard.Data.Migration.Interpreters.AbstractDataMigrationInterpreter.Visit(ISchemaBuilderCommand command) in C:\Agent2\work\ORCH-Release\src\Orchard\Data\Migration\Interpreters\AbstractDataMigrationInterpreter.cs:line 17
   at Orchard.Data.Migration.Schema.SchemaBuilder.AlterTable(String name, Action`1 table) in C:\Agent2\work\ORCH-Release\src\Orchard\Data\Migration\Schema\SchemaBuilder.cs:line 57
   at Orchard.ContentManagement.DataMigrations.FrameworkDataMigration.UpdateFrom3() in C:\Agent2\work\ORCH-Release\src\Orchard\ContentManagement\DataMigrations\FrameworkDataMigration.cs:line 68
   --- End of inner exception stack trace ---
   at System.RuntimeMethodHandle.InvokeMethod(Object target, Object[] arguments, Signature sig, Boolean constructor)
   at System.Reflection.RuntimeMethodInfo.UnsafeInvokeInternal(Object obj, Object[] parameters, Object[] arguments)
   at System.Reflection.RuntimeMethodInfo.Invoke(Object obj, BindingFlags invokeAttr, Binder binder, Object[] parameters, CultureInfo culture)
   at Orchard.Data.Migration.DataMigrationManager.Update(String feature) in C:\Agent2\work\ORCH-Release\src\Orchard\Data\Migration\DataMigrationManager.cs:line 131
2019-03-24 19:42:45,648 [7] Orchard.Data.Migration.AutomaticDataMigrations - (null) - Could not run migrations automatically on Orchard.Framework [(null)]
2019-03-24 19:42:45,648 [7] Orchard.Data.Migration.AutomaticDataMigrations - (null) - Could not run migrations automatically on Settings [(null)]
2019-03-24 20:41:40,220 [1] Orchard.Data.Migration.DataMigrationManager - (null) - An unexpected error occurred while applying migration on Orchard.Framework from version 3. [(null)]
System.Reflection.TargetInvocationException: Exception has been thrown by the target of an invocation. ---> System.Data.SqlClient.SqlException: The CREATE UNIQUE INDEX statement terminated because a duplicate key was found for the object name 'dbo.Orchard_Framework_CultureRecord' and the index name 'UC_CR_Name'. The duplicate key value is (en-US).
Could not create constraint or index. See previous errors.
The statement has been terminated.
   at System.Data.SqlClient.SqlConnection.OnError(SqlException exception, Boolean breakConnection, Action`1 wrapCloseInAction)
   at System.Data.SqlClient.TdsParser.ThrowExceptionAndWarning(TdsParserStateObject stateObj, Boolean callerHasConnectionLock, Boolean asyncClose)
   at System.Data.SqlClient.TdsParser.TryRun(RunBehavior runBehavior, SqlCommand cmdHandler, SqlDataReader dataStream, BulkCopySimpleResultSet bulkCopyHandler, TdsParserStateObject stateObj, Boolean& dataReady)
   at System.Data.SqlClient.SqlCommand.RunExecuteNonQueryTds(String methodName, Boolean async, Int32 timeout, Boolean asyncWrite)
   at System.Data.SqlClient.SqlCommand.InternalExecuteNonQuery(TaskCompletionSource`1 completion, String methodName, Boolean sendToPipe, Int32 timeout, Boolean& usedCache, Boolean asyncWrite, Boolean inRetry)
   at System.Data.SqlClient.SqlCommand.ExecuteNonQuery()
   at Orchard.Data.Migration.Interpreters.DefaultDataMigrationInterpreter.RunPendingStatements() in C:\Agent2\work\ORCH-Release\src\Orchard\Data\Migration\Interpreters\DefaultDataMigrationInterpreter.cs:line 380
   at Orchard.Data.Migration.Interpreters.DefaultDataMigrationInterpreter.Visit(AlterTableCommand command) in C:\Agent2\work\ORCH-Release\src\Orchard\Data\Migration\Interpreters\DefaultDataMigrationInterpreter.cs:line 164
   at Orchard.Data.Migration.Schema.SchemaBuilder.AlterTable(String name, Action`1 table) in C:\Agent2\work\ORCH-Release\src\Orchard\Data\Migration\Schema\SchemaBuilder.cs:line 58
   at Orchard.ContentManagement.DataMigrations.FrameworkDataMigration.UpdateFrom3() in C:\Agent2\work\ORCH-Release\src\Orchard\ContentManagement\DataMigrations\FrameworkDataMigration.cs:line 76
   --- End of inner exception stack trace ---
   at System.RuntimeMethodHandle.InvokeMethod(Object target, Object[] arguments, Signature sig, Boolean constructor)
   at System.Reflection.RuntimeMethodInfo.UnsafeInvokeInternal(Object obj, Object[] parameters, Object[] arguments)
   at System.Reflection.RuntimeMethodInfo.Invoke(Object obj, BindingFlags invokeAttr, Binder binder, Object[] parameters, CultureInfo culture)
   at Orchard.Data.Migration.DataMigrationManager.Update(String feature) in C:\Agent2\work\ORCH-Release\src\Orchard\Data\Migration\DataMigrationManager.cs:line 124
2019-03-24 20:41:40,291 [1] Orchard.Data.Migration.DataMigrationManager - (null) - Error while running migration version 3 for Orchard.Framework. [(null)]
System.Reflection.TargetInvocationException: Exception has been thrown by the target of an invocation. ---> System.Data.SqlClient.SqlException: The CREATE UNIQUE INDEX statement terminated because a duplicate key was found for the object name 'dbo.Orchard_Framework_CultureRecord' and the index name 'UC_CR_Name'. The duplicate key value is (en-US).
Could not create constraint or index. See previous errors.
The statement has been terminated.
   at System.Data.SqlClient.SqlConnection.OnError(SqlException exception, Boolean breakConnection, Action`1 wrapCloseInAction)
   at System.Data.SqlClient.TdsParser.ThrowExceptionAndWarning(TdsParserStateObject stateObj, Boolean callerHasConnectionLock, Boolean asyncClose)
   at System.Data.SqlClient.TdsParser.TryRun(RunBehavior runBehavior, SqlCommand cmdHandler, SqlDataReader dataStream, BulkCopySimpleResultSet bulkCopyHandler, TdsParserStateObject stateObj, Boolean& dataReady)
   at System.Data.SqlClient.SqlCommand.RunExecuteNonQueryTds(String methodName, Boolean async, Int32 timeout, Boolean asyncWrite)
   at System.Data.SqlClient.SqlCommand.InternalExecuteNonQuery(TaskCompletionSource`1 completion, String methodName, Boolean sendToPipe, Int32 timeout, Boolean& usedCache, Boolean asyncWrite, Boolean inRetry)
   at System.Data.SqlClient.SqlCommand.ExecuteNonQuery()
   at Orchard.Data.Migration.Interpreters.DefaultDataMigrationInterpreter.RunPendingStatements() in C:\Agent2\work\ORCH-Release\src\Orchard\Data\Migration\Interpreters\DefaultDataMigrationInterpreter.cs:line 380
   at Orchard.Data.Migration.Interpreters.DefaultDataMigrationInterpreter.Visit(AlterTableCommand command) in C:\Agent2\work\ORCH-Release\src\Orchard\Data\Migration\Interpreters\DefaultDataMigrationInterpreter.cs:line 164
   at Orchard.Data.Migration.Schema.SchemaBuilder.AlterTable(String name, Action`1 table) in C:\Agent2\work\ORCH-Release\src\Orchard\Data\Migration\Schema\SchemaBuilder.cs:line 58
   at Orchard.ContentManagement.DataMigrations.FrameworkDataMigration.UpdateFrom3() in C:\Ag